[    0.000000] Linux version 4.15.0-151-generic (buildd@lgw01-amd64-042) (gcc version 7.5.0 (Ubuntu 7.5.0-3ubuntu1~18.04)) #157-Ubuntu SMP Fri Jul 9 23:07:57 UTC 2021 (Ubuntu 4.15.0-151.157-generic 4.15.18)
[    0.000000] Command line: BOOT_IMAGE=/boot/vmlinuz-4.15.0-151-generic root=LABEL=cloudimg-rootfs ro console=tty1 console=ttyS0
[    0.000000] KERNEL supported cpus:
[    0.000000]   Intel GenuineIntel
[    0.000000]   AMD AuthenticAMD
[    0.000000]   Centaur CentaurHauls
[    0.000000] x86/fpu: Supporting XSAVE feature 0x001: 'x87 floating point registers'
[    0.000000] x86/fpu: Supporting XSAVE feature 0x002: 'SSE registers'
[    0.000000] x86/fpu: Supporting XSAVE feature 0x004: 'AVX registers'
[    0.000000] x86/fpu: xstate_offset[2]:  576, xstate_sizes[2]:  256
[    0.000000] x86/fpu: Enabled xstate features 0x7, context size is 832 bytes, using 'standard' format.
[    0.000000] e820: BIOS-provided physical RAM map:
[    0.000000] BIOS-e820: [mem 0x0000000000000000-0x000000000009fbff] usable
[    0.000000] BIOS-e820: [mem 0x000000000009fc00-0x000000000009ffff] reserved
[    0.000000] BIOS-e820: [mem 0x00000000000f0000-0x00000000000fffff] reserved
[    0.000000] BIOS-e820: [mem 0x0000000000100000-0x000000007ffeffff] usable
[    0.000000] BIOS-e820: [mem 0x000000007fff0000-0x000000007fffffff] ACPI data
[    0.000000] BIOS-e820: [mem 0x00000000fec00000-0x00000000fec00fff] reserved
[    0.000000] BIOS-e820: [mem 0x00000000fee00000-0x00000000fee00fff] reserved
[    0.000000] BIOS-e820: [mem 0x00000000fffc0000-0x00000000ffffffff] reserved
[    0.000000] NX (Execute Disable) protection: active
[    0.000000] SMBIOS 2.5 present.
[    0.000000] DMI: innotek GmbH VirtualBox/VirtualBox, BIOS VirtualBox 12/01/2006
[    0.000000] Hypervisor detected: KVM
[    0.000000] e820: last_pfn = 0x7fff0 max_arch_pfn = 0x400000000
[    0.000000] MTRR: Disabled
[    0.000000] x86/PAT: MTRRs disabled, skipping PAT initialization too.
[    0.000000] CPU MTRRs all blank - virtualized system.
[    0.000000] x86/PAT: Configuration [0-7]: WB  WT  UC- UC  WB  WT  UC- UC  
[    0.000000] found SMP MP-table at [mem 0x0009fff0-0x0009ffff]
[    0.000000] Scanning 1 areas for low memory corruption
[    0.000000] RAMDISK: [mem 0x35823000-0x36c08fff]
[    0.000000] ACPI: Early table checksum verification disabled
[    0.000000] ACPI: RSDP 0x00000000000E0000 000024 (v02 VBOX  )
[    0.000000] ACPI: XSDT 0x000000007FFF0030 00003C (v01 VBOX   VBOXXSDT 00000001 ASL  00000061)
[    0.000000] ACPI: FACP 0x000000007FFF00F0 0000F4 (v04 VBOX   VBOXFACP 00000001 ASL  00000061)
[    0.000000] ACPI: DSDT 0x000000007FFF0470 0022EA (v02 VBOX   VBOXBIOS 00000002 INTL 20100528)
[    0.000000] ACPI: FACS 0x000000007FFF0200 000040
[    0.000000] ACPI: FACS 0x000000007FFF0200 000040
[    0.000000] ACPI: APIC 0x000000007FFF0240 00005C (v02 VBOX   VBOXAPIC 00000001 ASL  00000061)
[    0.000000] ACPI: SSDT 0x000000007FFF02A0 0001CC (v01 VBOX   VBOXCPUT 00000002 INTL 20100528)
[    0.000000] ACPI: Reserving FACP table memory at [mem 0x7fff00f0-0x7fff01e3]
[    0.000000] ACPI: Reserving DSDT table memory at [mem 0x7fff0470-0x7fff2759]
[    0.000000] ACPI: Reserving FACS table memory at [mem 0x7fff0200-0x7fff023f]
[    0.000000] ACPI: Reserving FACS table memory at [mem 0x7fff0200-0x7fff023f]
[    0.000000] ACPI: Reserving APIC table memory at [mem 0x7fff0240-0x7fff029b]
[    0.000000] ACPI: Reserving SSDT table memory at [mem 0x7fff02a0-0x7fff046b]
[    0.000000] No NUMA configuration found
[    0.000000] Faking a node at [mem 0x0000000000000000-0x000000007ffeffff]
[    0.000000] NODE_DATA(0) allocated [mem 0x7ffc5000-0x7ffeffff]
[    0.000000] kvm-clock: cpu 0, msr 0:7ff44001, primary cpu clock
[    0.000000] kvm-clock: Using msrs 4b564d01 and 4b564d00
[    0.000000] kvm-clock: using sched offset of 6468970929 cycles
[    0.000000] clocksource: kvm-clock: mask: 0xffffffffffffffff max_cycles: 0x1cd42e4dffb, max_idle_ns: 881590591483 ns
[    0.000000] Zone ranges:
[    0.000000]   DMA      [mem 0x0000000000001000-0x0000000000ffffff]
[    0.000000]   DMA32    [mem 0x0000000001000000-0x000000007ffeffff]
[    0.000000]   Normal   empty
[    0.000000]   Device   empty
[    0.000000] Movable zone start for each node
[    0.000000] Early memory node ranges
[    0.000000]   node   0: [mem 0x0000000000001000-0x000000000009efff]
[    0.000000]   node   0: [mem 0x0000000000100000-0x000000007ffeffff]
[    0.000000] Reserved but unavailable: 104 pages
[    0.000000] Initmem setup node 0 [mem 0x0000000000001000-0x000000007ffeffff]
[    0.000000] ACPI: PM-Timer IO Port: 0x4008
[    0.000000] IOAPIC[0]: apic_id 2, version 32, address 0xfec00000, GSI 0-23
[    0.000000] ACPI: INT_SRC_OVR (bus 0 bus_irq 0 global_irq 2 dfl dfl)
[    0.000000] ACPI: INT_SRC_OVR (bus 0 bus_irq 9 global_irq 9 low level)
[    0.000000] Using ACPI (MADT) for SMP configuration information
[    0.000000] smpboot: Allowing 2 CPUs, 0 hotplug CPUs
[    0.000000] PM: Registered nosave memory: [mem 0x00000000-0x00000fff]
[    0.000000] PM: Registered nosave memory: [mem 0x0009f000-0x0009ffff]
[    0.000000] PM: Registered nosave memory: [mem 0x000a0000-0x000effff]
[    0.000000] PM: Registered nosave memory: [mem 0x000f0000-0x000fffff]
[    0.000000] e820: [mem 0x80000000-0xfebfffff] available for PCI devices
[    0.000000] Booting paravirtualized kernel on KVM
[    0.000000] clocksource: refined-jiffies: mask: 0xffffffff max_cycles: 0xffffffff, max_idle_ns: 7645519600211568 ns
[    0.000000] random: get_random_bytes called from start_kernel+0x99/0x500 with crng_init=0
[    0.000000] setup_percpu: NR_CPUS:8192 nr_cpumask_bits:2 nr_cpu_ids:2 nr_node_ids:1
[    0.000000] percpu: Embedded 45 pages/cpu s147456 r8192 d28672 u1048576
[    0.000000] PV qspinlock hash table entries: 256 (order: 0, 4096 bytes)
[    0.000000] Built 1 zonelists, mobility grouping on.  Total pages: 515961
[    0.000000] Policy zone: DMA32
[    0.000000] Kernel command line: BOOT_IMAGE=/boot/vmlinuz-4.15.0-151-generic root=LABEL=cloudimg-rootfs ro console=tty1 console=ttyS0
[    0.000000] Memory: 2014052K/2096696K available (12300K kernel code, 2483K rwdata, 4320K rodata, 2448K init, 2724K bss, 82644K reserved, 0K cma-reserved)
[    0.000000] SLUB: HWalign=64, Order=0-3, MinObjects=0, CPUs=2, Nodes=1
[    0.000000] ftrace: allocating 39460 entries in 155 pages
[    0.004000] Hierarchical RCU implementation.
[    0.004000] 	RCU restricting CPUs from NR_CPUS=8192 to nr_cpu_ids=2.
[    0.004000] 	Tasks RCU enabled.
[    0.004000] RCU: Adjusting geometry for rcu_fanout_leaf=16, nr_cpu_ids=2
[    0.004000] NR_IRQS: 524544, nr_irqs: 440, preallocated irqs: 16
[    0.004000] Console: colour VGA+ 80x25
[    0.004000] console [tty1] enabled
[    0.004000] console [ttyS0] enabled
[    0.004000] ACPI: Core revision 20170831
[    0.004000] ACPI: 2 ACPI AML tables successfully acquired and loaded
[    0.004000] APIC: Switch to symmetric I/O mode setup
[    0.004000] x2apic enabled
[    0.004000] Switched APIC routing to physical x2apic.
[    0.004000] ..TIMER: vector=0x30 apic1=0 pin1=2 apic2=-1 pin2=-1
[    0.004004] tsc: Detected 1608.003 MHz processor
[    0.004729] Calibrating delay loop (skipped) preset value.. 3216.00 BogoMIPS (lpj=6432012)
[    0.005275] pid_max: default: 32768 minimum: 301
[    0.006060] Security Framework initialized
[    0.006733] Yama: becoming mindful.
[    0.008021] AppArmor: AppArmor initialized
[    0.012000] Dentry cache hash table entries: 262144 (order: 9, 2097152 bytes)
[    0.016000] Inode-cache hash table entries: 131072 (order: 8, 1048576 bytes)
[    0.016025] Mount-cache hash table entries: 4096 (order: 3, 32768 bytes)
[    0.017275] Mountpoint-cache hash table entries: 4096 (order: 3, 32768 bytes)
[    0.020338] Last level iTLB entries: 4KB 64, 2MB 8, 4MB 8
[    0.021363] Last level dTLB entries: 4KB 64, 2MB 0, 4MB 0, 1GB 4
[    0.022599] Spectre V1 : Mitigation: usercopy/swapgs barriers and __user pointer sanitization
[    0.024020] unchecked MSR access error: WRMSR to 0x48 (tried to write 0x0000000000000001) at rIP: 0xffffffff8b06e1b8 (native_write_msr+0x8/0x30)
[    0.026407] Call Trace:
[    0.028007]  wrmsrl+0x16/0x20
[    0.028696]  check_bugs+0x263/0xa1b
[    0.029365]  ? delayacct_init+0x52/0x70
[    0.030150]  start_kernel+0x4b8/0x500
[    0.030999]  x86_64_start_reservations+0x24/0x26
[    0.032004]  x86_64_start_kernel+0x74/0x77
[    0.032911]  secondary_startup_64+0xa5/0xb0
[    0.033901] Spectre V2 : Mitigation: Enhanced IBRS
[    0.035014] Spectre V2 : Spectre v2 / SpectreRSB mitigation: Filling RSB on context switch
[    0.036004] Speculative Store Bypass: Vulnerable
[    0.037286] Freeing SMP alternatives memory: 36K
[    0.151980] smpboot: CPU0: Intel(R) Core(TM) i7-10710U CPU @ 1.10GHz (family: 0x6, model: 0xa6, stepping: 0x0)
[    0.152000] Performance Events: unsupported p6 CPU model 166 no PMU driver, software events only.
[    0.152056] Hierarchical SRCU implementation.
[    0.153968] NMI watchdog: Perf event create on CPU 0 failed with -2
[    0.155318] NMI watchdog: Perf NMI watchdog permanently disabled
[    0.156078] smp: Bringing up secondary CPUs ...
[    0.157305] x86: Booting SMP configuration:
[    0.158409] .... node  #0, CPUs:      #1
[    0.004000] kvm-clock: cpu 1, msr 0:7ff44041, secondary cpu clock
[    0.163875] smp: Brought up 1 node, 2 CPUs
[    0.165118] smpboot: Max logical packages: 1
[    0.166329] smpboot: Total of 2 processors activated (6432.01 BogoMIPS)
[    0.168055] devtmpfs: initialized
[    0.168954] x86/mm: Memory block size: 128MB
[    0.170249] evm: security.selinux
[    0.171081] evm: security.SMACK64
[    0.171929] evm: security.SMACK64EXEC
[    0.172005] evm: security.SMACK64TRANSMUTE
[    0.173119] evm: security.SMACK64MMAP
[    0.173860] evm: security.apparmor
[    0.174521] evm: security.ima
[    0.175155] evm: security.capability
[    0.176096] clocksource: jiffies: mask: 0xffffffff max_cycles: 0xffffffff, max_idle_ns: 7645041785100000 ns
[    0.177831] futex hash table entries: 512 (order: 3, 32768 bytes)
[    0.178933] pinctrl core: initialized pinctrl subsystem
[    0.180110] RTC time:  5:34:49, date: 08/06/21
[    0.181048] NET: Registered protocol family 16
[    0.181923] audit: initializing netlink subsys (disabled)
[    0.182958] audit: type=2000 audit(1628228097.858:1): state=initialized audit_enabled=0 res=1
[    0.184075] cpuidle: using governor ladder
[    0.184769] cpuidle: using governor menu
[    0.185554] ACPI: bus type PCI registered
[    0.186316] acpiphp: ACPI Hot Plug PCI Controller Driver version: 0.5
[    0.188120] PCI: Using configuration type 1 for base access
[    0.189131] HugeTLB registered 2.00 MiB page size, pre-allocated 0 pages
[    0.204082] ACPI: Added _OSI(Module Device)
[    0.204890] ACPI: Added _OSI(Processor Device)
[    0.205699] ACPI: Added _OSI(3.0 _SCP Extensions)
[    0.208004] ACPI: Added _OSI(Processor Aggregator Device)
[    0.208956] ACPI: Added _OSI(Linux-Dell-Video)
[    0.209738] ACPI: Added _OSI(Linux-Lenovo-NV-HDMI-Audio)
[    0.210652] ACPI: Added _OSI(Linux-HPI-Hybrid-Graphics)
[    0.212087] ACPI: Executed 1 blocks of module-level executable AML code
[    0.216299] ACPI: Interpreter enabled
[    0.217022] ACPI: (supports S0 S5)
[    0.217639] ACPI: Using IOAPIC for interrupt routing
[    0.218698] PCI: Using host bridge windows from ACPI; if necessary, use "pci=nocrs" and report a bug
[    0.220000] ACPI: Enabled 2 GPEs in block 00 to 07
[    0.226438] ACPI: PCI Root Bridge [PCI0] (domain 0000 [bus 00-ff])
[    0.227526] acpi PNP0A03:00: _OSC: OS supports [ASPM ClockPM Segments MSI]
[    0.228456] acpi PNP0A03:00: _OSC: not requesting OS control; OS requires [ExtendedConfig ASPM ClockPM MSI]
[    0.230972] acpi PNP0A03:00: fail to add MMCONFIG information, can't access extended PCI configuration space under this bridge.
[    0.232390] PCI host bridge to bus 0000:00
[    0.233084] pci_bus 0000:00: root bus resource [io  0x0000-0x0cf7 window]
[    0.234162] pci_bus 0000:00: root bus resource [io  0x0d00-0xffff window]
[    0.236005] pci_bus 0000:00: root bus resource [mem 0x000a0000-0x000bffff window]
[    0.237687] pci_bus 0000:00: root bus resource [mem 0x80000000-0xfdffffff window]
[    0.240006] pci_bus 0000:00: root bus resource [bus 00-ff]
[    0.245053] pci 0000:00:01.1: legacy IDE quirk: reg 0x10: [io  0x01f0-0x01f7]
[    0.246630] pci 0000:00:01.1: legacy IDE quirk: reg 0x14: [io  0x03f6]
[    0.248004] pci 0000:00:01.1: legacy IDE quirk: reg 0x18: [io  0x0170-0x0177]
[    0.249520] pci 0000:00:01.1: legacy IDE quirk: reg 0x1c: [io  0x0376]
[    0.270948] pci 0000:00:07.0: quirk: [io  0x4000-0x403f] claimed by PIIX4 ACPI
[    0.272019] pci 0000:00:07.0: quirk: [io  0x4100-0x410f] claimed by PIIX4 SMB
[    0.284877] ACPI: PCI Interrupt Link [LNKA] (IRQs 5 9 10 *11)
[    0.286183] ACPI: PCI Interrupt Link [LNKB] (IRQs 5 9 *10 11)
[    0.287315] ACPI: PCI Interrupt Link [LNKC] (IRQs 5 *9 10 11)
[    0.288120] ACPI: PCI Interrupt Link [LNKD] (IRQs 5 9 10 *11)
[    0.289339] SCSI subsystem initialized
[    0.290044] pci 0000:00:02.0: vgaarb: setting as boot VGA device
[    0.290044] pci 0000:00:02.0: vgaarb: VGA device added: decodes=io+mem,owns=io+mem,locks=none
[    0.292004] pci 0000:00:02.0: vgaarb: bridge control possible
[    0.292936] vgaarb: loaded
[    0.293463] ACPI: bus type USB registered
[    0.294171] usbcore: registered new interface driver usbfs
[    0.295064] usbcore: registered new interface driver hub
[    0.296010] usbcore: registered new device driver usb
[    0.296886] EDAC MC: Ver: 3.0.0
[    0.296886] PCI: Using ACPI for IRQ routing
[    0.296983] NetLabel: Initializing
[    0.300003] NetLabel:  domain hash size = 128
[    0.300736] NetLabel:  protocols = UNLABELED CIPSOv4 CALIPSO
[    0.301652] NetLabel:  unlabeled traffic allowed by default
[    0.302560] clocksource: Switched to clocksource kvm-clock
[    0.354844] VFS: Disk quotas dquot_6.6.0
[    0.355615] VFS: Dquot-cache hash table entries: 512 (order 0, 4096 bytes)
[    0.356829] AppArmor: AppArmor Filesystem Enabled
[    0.357651] pnp: PnP ACPI init
[    0.359142] pnp: PnP ACPI: found 3 devices
[    0.372825] clocksource: acpi_pm: mask: 0xffffff max_cycles: 0xffffff, max_idle_ns: 2085701024 ns
[    0.374287] NET: Registered protocol family 2
[    0.375170] TCP established hash table entries: 16384 (order: 5, 131072 bytes)
[    0.376342] TCP bind hash table entries: 16384 (order: 6, 262144 bytes)
[    0.377433] TCP: Hash tables configured (established 16384 bind 16384)
[    0.393136] UDP hash table entries: 1024 (order: 3, 32768 bytes)
[    0.394120] UDP-Lite hash table entries: 1024 (order: 3, 32768 bytes)
[    0.395161] NET: Registered protocol family 1
[    0.395887] pci 0000:00:00.0: Limiting direct PCI/PCI transfers
[    0.396864] pci 0000:00:01.0: Activating ISA DMA hang workarounds
[    0.397924] pci 0000:00:02.0: Video device with shadowed ROM at [mem 0x000c0000-0x000dffff]
[    0.399324] Unpacking initramfs...
[    1.268357] Freeing initrd memory: 20376K
[    1.269097] clocksource: tsc: mask: 0xffffffffffffffff max_cycles: 0x172dacfb38b, max_idle_ns: 440795204692 ns
[    1.270689] platform rtc_cmos: registered platform RTC device (no PNP device found)
[    1.271965] Scanning for low memory corruption every 60 seconds
[    1.273534] Initialise system trusted keyrings
[    1.274269] Key type blacklist registered
[    1.274989] workingset: timestamp_bits=36 max_order=19 bucket_order=0
[    1.276815] zbud: loaded
[    1.277616] squashfs: version 4.0 (2009/01/31) Phillip Lougher
[    1.278711] fuse init (API version 7.26)
[    1.281464] Key type asymmetric registered
[    1.282152] Asymmetric key parser 'x509' registered
[    1.283070] Block layer SCSI generic (bsg) driver version 0.4 loaded (major 246)
[    1.284342] io scheduler noop registered
[    1.284993] io scheduler deadline registered
[    1.285703] io scheduler cfq registered (default)
[    1.286711] ACPI: AC Adapter [AC] (off-line)
[    1.287451] input: Power Button as /devices/LNXSYSTM:00/LNXPWRBN:00/input/input0
[    1.288695] ACPI: Power Button [PWRF]
[    1.289358] input: Sleep Button as /devices/LNXSYSTM:00/LNXSLPBN:00/input/input1
[    1.290553] ACPI: Sleep Button [SLPF]
[    1.292072] ACPI: Battery Slot [BAT0] (battery present)
[    1.292143] Serial: 8250/16550 driver, 32 ports, IRQ sharing enabled
[    1.314514] 00:02: ttyS0 at I/O 0x3f8 (irq = 4, base_baud = 115200) is a 16550A
[    1.316785] Linux agpgart interface v0.103
[    1.335241] loop: module loaded
[    1.336435] scsi host0: ata_piix
[    1.337256] scsi host1: ata_piix
[    1.337878] ata1: PATA max UDMA/33 cmd 0x1f0 ctl 0x3f6 bmdma 0xd000 irq 14
[    1.339018] ata2: PATA max UDMA/33 cmd 0x170 ctl 0x376 bmdma 0xd008 irq 15
[    1.340225] libphy: Fixed MDIO Bus: probed
[    1.340943] tun: Universal TUN/TAP device driver, 1.6
[    1.341831] PPP generic driver version 2.4.2
[    1.342578] ehci_hcd: USB 2.0 'Enhanced' Host Controller (EHCI) Driver
[    1.343597] ehci-pci: EHCI PCI platform driver
[    1.344364] ehci-platform: EHCI generic platform driver
[    1.345194] ohci_hcd: USB 1.1 'Open' Host Controller (OHCI) Driver
[    1.346157] ohci-pci: OHCI PCI platform driver
[    1.346885] ohci-platform: OHCI generic platform driver
[    1.347743] uhci_hcd: USB Universal Host Controller Interface driver
[    1.348854] i8042: PNP: PS/2 Controller [PNP0303:PS2K,PNP0f03:PS2M] at 0x60,0x64 irq 1,12
[    1.350666] serio: i8042 KBD port at 0x60,0x64 irq 1
[    1.351491] serio: i8042 AUX port at 0x60,0x64 irq 12
[    1.352381] mousedev: PS/2 mouse device common for all mice
[    1.353512] input: AT Translated Set 2 keyboard as /devices/platform/i8042/serio0/input/input2
[    1.355202] rtc_cmos rtc_cmos: rtc core: registered rtc_cmos as rtc0
[    1.356294] rtc_cmos rtc_cmos: alarms up to one day, 114 bytes nvram
[    1.357281] i2c /dev entries driver
[    1.357915] device-mapper: uevent: version 1.0.3
[    1.358707] device-mapper: ioctl: 4.37.0-ioctl (2017-09-20) initialised: dm-devel@redhat.com
[    1.360110] ledtrig-cpu: registered to indicate activity on CPUs
[    1.361417] NET: Registered protocol family 10
[    1.364806] Segment Routing with IPv6
[    1.365430] NET: Registered protocol family 17
[    1.366220] Key type dns_resolver registered
[    1.367048] mce: Using 0 MCE banks
[    1.367633] RAS: Correctable Errors collector initialized.
[    1.368545] sched_clock: Marking stable (1368527528, 0)->(2061848439, -693320911)
[    1.369996] registered taskstats version 1
[    1.370695] Loading compiled-in X.509 certificates
[    1.373921] Loaded X.509 cert 'Build time autogenerated kernel key: f57eddc348b36f7d35fd4232c73b07389449520d'
[    1.375978] Loaded X.509 cert 'Canonical Ltd. Live Patch Signing: 14df34d1a87cf37625abec039ef2bf521249b969'
[    1.378040] Loaded X.509 cert 'Canonical Ltd. Kernel Module Signing: 88f752e560a1e0737e31163a466ad7b70a850c19'
[    1.379602] zswap: loaded using pool lzo/zbud
[    1.382753] Key type big_key registered
[    1.383397] Key type trusted registered
[    1.385202] Key type encrypted registered
[    1.385860] AppArmor: AppArmor sha1 policy hashing enabled
[    1.386739] ima: No TPM chip found, activating TPM-bypass! (rc=-19)
[    1.387718] ima: Allocated hash algorithm: sha1
[    1.388501] evm: HMAC attrs: 0x1
[    1.389281]   Magic number: 1:21:567
[    1.389882] misc network_latency: hash matches
[    1.390694] rtc_cmos rtc_cmos: setting system clock to 2021-08-06 05:34:50 UTC (1628228090)
[    1.392102] BIOS EDD facility v0.16 2004-Jun-25, 0 devices found
[    1.393047] EDD information not available.
[    1.510938] Freeing unused kernel image memory: 2448K
[    1.524923] Write protecting the kernel read-only data: 20480k
[    1.526312] Freeing unused kernel image memory: 2008K
[    1.527444] Freeing unused kernel image memory: 1824K
[    1.536519] x86/mm: Checked W+X mappings: passed, no W+X pages found.
Loading, please wait...
starting version 237
[    1.619980] e1000: Intel(R) PRO/1000 Network Driver - version 7.3.21-k8-NAPI
[    1.621224] e1000: Copyright (c) 1999-2006 Intel Corporation.
[    1.624317] Fusion MPT base driver 3.04.20
[    1.625165] Copyright (c) 1999-2008 LSI Corporation
[    1.633421] Fusion MPT SPI Host driver 3.04.20
[    1.646605] AVX2 version of gcm_enc/dec engaged.
[    1.647519] AES CTR mode by8 optimization enabled
[    1.850493] input: ImExPS/2 Generic Explorer Mouse as /devices/platform/i8042/serio1/input/input4
[    2.080236] e1000 0000:00:03.0 eth0: (PCI:33MHz:32-bit) 02:2a:e1:ea:70:72
[    2.082577] e1000 0000:00:03.0 eth0: Intel(R) PRO/1000 Network Connection
[    2.086576] mptbase: ioc0: Initiating bringup
[    2.837955] ioc0: LSI53C1030 A0: Capabilities={Initiator}
[    3.903177] scsi host2: ioc0: LSI53C1030 A0, FwRev=00000000h, Ports=1, MaxQ=256, IRQ=20
[    4.129384] scsi 2:0:0:0: Direct-Access     VBOX     HARDDISK         1.0  PQ: 0 ANSI: 5
[    4.176142] scsi target2:0:0: Beginning Domain Validation
[    4.189722] scsi target2:0:0: Domain Validation skipping write tests
[    4.195271] scsi target2:0:0: Ending Domain Validation
[    4.200808] scsi target2:0:0: asynchronous
[    4.206804] scsi 2:0:1:0: Direct-Access     VBOX     HARDDISK         1.0  PQ: 0 ANSI: 5
[    4.560259] scsi target2:0:1: Beginning Domain Validation
[    4.567215] random: fast init done
[    4.570739] scsi target2:0:1: Domain Validation skipping write tests
[    4.576719] scsi target2:0:1: Ending Domain Validation
[    4.584982] scsi target2:0:1: asynchronous
[    4.601594] random: systemd-udevd: uninitialized urandom read (16 bytes read)
[    4.606978] sd 2:0:0:0: Attached scsi generic sg0 type 0
[    4.611107] random: systemd-udevd: uninitialized urandom read (16 bytes read)
[    4.615911] sd 2:0:1:0: Attached scsi generic sg1 type 0
[    4.617854] random: systemd-udevd: uninitialized urandom read (16 bytes read)
[    4.619418] sd 2:0:1:0: [sdb] 20480 512-byte logical blocks: (10.5 MB/10.0 MiB)
[    4.620928] sd 2:0:0:0: [sda] 83886080 512-byte logical blocks: (42.9 GB/40.0 GiB)
[    4.622565] sd 2:0:1:0: [sdb] Write Protect is off
[    4.623602] sd 2:0:0:0: [sda] Write Protect is off
[    4.624578] sd 2:0:1:0: [sdb] Incomplete mode parameter data
[    4.625818] sd 2:0:1:0: [sdb] Assuming drive cache: write through
[    4.627143] sd 2:0:0:0: [sda] Incomplete mode parameter data
[    4.628460] sd 2:0:0:0: [sda] Assuming drive cache: write through
[    4.631801]  sda: sda1
[    4.632873] sd 2:0:1:0: [sdb] Attached SCSI disk
[    4.634625] sd 2:0:0:0: [sda] Attached SCSI disk
[    4.742971] e1000 0000:00:08.0 eth1: (PCI:33MHz:32-bit) 08:00:27:1d:8d:b9
[    4.746106] e1000 0000:00:08.0 eth1: Intel(R) PRO/1000 Network Connection
[    4.751800] e1000 0000:00:03.0 enp0s3: renamed from eth0
[    4.772819] e1000 0000:00:08.0 enp0s8: renamed from eth1
Begin: Loading essential drivers ... [    6.396280] raid6: sse2x1   gen()  9768 MB/s
[    6.444228] raid6: sse2x1   xor()  5637 MB/s
[    6.492450] raid6: sse2x2   gen() 10341 MB/s
[    6.540290] raid6: sse2x2   xor()  6719 MB/s
[    6.588122] raid6: sse2x4   gen() 11415 MB/s
[    6.636494] raid6: sse2x4   xor()  7037 MB/s
[    6.684250] raid6: avx2x1   gen() 13084 MB/s
[    6.732079] raid6: avx2x1   xor() 10533 MB/s
[    6.780409] raid6: avx2x2   gen() 16113 MB/s
[    6.828201] raid6: avx2x2   xor() 12767 MB/s
[    6.876496] raid6: avx2x4   gen() 20761 MB/s
[    6.924306] raid6: avx2x4   xor() 13894 MB/s
[    6.925190] raid6: using algorithm avx2x4 gen() 20761 MB/s
[    6.926249] raid6: .... xor() 13894 MB/s, rmw enabled
[    6.927190] raid6: using avx2x2 recovery algorithm
[    6.930217] xor: automatically using best checksumming function   avx       
[    6.932786] async_tx: api initialized (async)
done.
Begin: Running /scripts/init-premount ... done.
Begin: Mounting root file system ... Begin: Running /scripts/local-top ... done.
Begin: Running /scripts/local-premount ... [    6.991313] Btrfs loaded, crc32c=crc32c-intel
Scanning for Btrfs filesystems
done.
Begin: Will now check root file system ... fsck from util-linux 2.31.1
[/sbin/fsck.ext4 (1) -- /dev/sda1] fsck.ext4 -a -C0 /dev/sda1 
cloudimg-rootfs: recovering journal
cloudimg-rootfs: clean, 73173/5120000 files, 960002/10485499 blocks
done.
[    7.113961] EXT4-fs (sda1): mounted filesystem with ordered data mode. Opts: (null)
done.
Begin: Running /scripts/local-bottom ... done.
Begin: Running /scripts/init-bottom ... done.
[    7.266312] ip_tables: (C) 2000-2006 Netfilter Core Team
[    7.273593] systemd[1]: systemd 237 running in system mode. (+PAM +AUDIT +SELINUX +IMA +APPARMOR +SMACK +SYSVINIT +UTMP +LIBCRYPTSETUP +GCRYPT +GNUTLS +ACL +XZ +LZ4 +SECCOMP +BLKID +ELFUTILS +KMOD -IDN2 +IDN -PCRE2 default-hierarchy=hybrid)
[    7.277316] systemd[1]: Detected virtualization oracle.
[    7.278401] systemd[1]: Detected architecture x86-64.

Welcome to [1mUbuntu 18.04.5 LTS[0m!

[    7.285437] systemd[1]: Set hostname to <kubenode02>.
[    7.644543] systemd[1]: Configuration file /lib/systemd/system/kubelet.service is marked world-inaccessible. This has no effect as configuration data is accessible via APIs without restrictions. Proceeding anyway.
[    7.650483] systemd[1]: Configuration file /etc/systemd/system/kubelet.service.d/10-kubeadm.conf is marked world-inaccessible. This has no effect as configuration data is accessible via APIs without restrictions. Proceeding anyway.
[    7.690173] systemd[1]: Reached target Swap.
[[0;32m  OK  [0m] Reached target Swap.
[    7.691700] systemd[1]: Started Forward Password Requests to Wall Directory Watch.
[[0;32m  OK  [0m] Started Forward Password Requests to Wall Directory Watch.
[    7.694135] systemd[1]: Set up automount Arbitrary Executable File Formats File System Automount Point.
[[0;32m  OK  [0m] Set up automount Arbitrary Executab…rmats File System Automount Point.
[    7.699378] systemd[1]: Created slice User and Session Slice.
[[0;32m  OK  [0m] Created slice User and Session Slice.
[[0;32m  OK  [0m] Reached target User and Group Name Lookups.
[[0;32m  OK  [0m] Created slice System Slice.
[[0;32m  OK  [0m] Listening on udev Kernel Socket.
[[0;32m  OK  [0m] Listening on LVM2 poll daemon socket.
[[0;32m  OK  [0m] Listening on Journal Socket.
         Mounting POSIX Message Queue File System...
[[0;32m  OK  [0m] Listening on fsck to fsckd communication Socket.
[[0;32m  OK  [0m] Created slice system-serial\x2dgetty.slice.
[[0;32m  OK  [0m] Listening on Journal Socket (/dev/log).
         Mounting Kernel Debug File System...
[[0;32m  OK  [0m] Listening on /dev/initctl Compatibility Named Pipe.
         Starting Remount Root and Kernel File Systems...
[[0;32m  OK  [0m] Listening on Device-mapper event daemon FIFOs.
[[0;32m  OK  [0m] Listening on Network Service Netlink Socket.
[[0;32m  OK  [0m] Listening on LVM2 metadata daemon socket.
         Starting Monitoring of LVM2 mirrors…ng dmeventd or progress polling...
         Mounting Huge Pages File System...
         Starting Set the console keyboard layout...
[[0;32m  OK  [0m] Listening on udev Control Socket.
[    7.733158] EXT4-fs (sda1): re-mounted. Opts: (null)
         Starting udev Coldplug all Devices...
[[0;32m  OK  [0m] Reached target Slices.
[[0;32m  OK  [0m] Listening on Journal Audit Socket.
         Starting Create list of required st…ce nodes for the current kernel...
         Starting Uncomplicated firewall...
[[0;32m  OK  [0m] Listening on Syslog Socket.
         Starting Journal Service...
         Starting Load Kernel Modules...
[[0;32m  OK  [0m] Reached target System Time Synchronized.
[[0;32m  OK  [0m] Mounted POSIX Message Queue File System.
[[0;32m  OK  [0m] Mounted Kernel Debug File System.
[[0;32m  OK  [0m] Started Remount Root and Kernel File Systems.
[[0;32m  OK  [0m] Mounted Huge Pages File System.
[[0;32m  OK  [0m] Started Create list of required sta…vice nodes for the current kernel.
[[0;32m  OK  [0m] Started Uncomplicated firewall.
[[0;32m  OK  [0m] Started LVM2 metadata daemon.
         Starting Create Static Device Nodes in /dev...
         Starting Load/Save Random Seed...
[    7.995184] bridge: filtering via arp/ip/ip6tables is no longer available by default. Update your scripts to load br_netfilter if you need this.
[[0;32m  OK  [0m] Started Journal Service.
[[0;32m  OK  [0m] Started udev Coldplug all Devices.
[[0;32m  OK  [0m] Started Create Static Device Nodes in /dev.
         Starting udev Kernel Device Manager...
         Starting Flush Journal to Persistent Storage...
[[0;32m  OK  [0m] Started Load/Save Random Seed.
[    8.111303] Bridge firewalling registered
[    8.123524] Loading iSCSI transport class v2.0-870.
[    8.153382] systemd-journald[433]: Received request to flush runtime journal from PID 1
[[0;32m  OK  [0m] Started Monitoring of LVM2 mirrors,…sing dmeventd or progress polling.
[    8.183455] iscsi: registered transport (tcp)
[[0;32m  OK  [0m] Started Set the console keyboard layout.
[[0;32m  OK  [0m] Reached target Local File Systems (Pre).
[[0;32m  OK  [0m] Reached target Local File Systems.
         Starting AppArmor initialization...
         Starting Set console font and keymap...
         Starting ebtables ruleset management...
         Starting Tell Plymouth To Write Out Runtime Data...
[[0;32m  OK  [0m] Started udev Kernel Device Manager.
[[0;32m  OK  [0m] Started Dispatch Password Requests to Console Directory Watch.
[[0;32m  OK  [0m] Reached target Local Encrypted Volumes.
[    8.260899] iscsi: registered transport (iser)
[[0;32m  OK  [0m] Started Load Kernel Modules.
         Mounting Kernel Configuration File System...
         Starting Apply Kernel Variables...
         Mounting FUSE Control File System...
[[0;32m  OK  [0m] Started Set console font and keymap.
[[0;32m  OK  [0m] Mounted Kernel Configuration File System.
[[0;32m  OK  [0m] Started Tell Plymouth To Write Out Runtime Data.
[[0;32m  OK  [0m] Mounted FUSE Control File System.
[[0;32m  OK  [0m] Started Apply Kernel Variables.
[[0;32m  OK  [0m] Started ebtables ruleset management.
[[0;32m  OK  [0m] Started Flush Journal to Persistent Storage.
         Starting Create Volatile Files and Directories...
[[0;32m  OK  [0m] Started Create Volatile Files and Directories.
         Starting Update UTMP about System Boot/Shutdown...
[[0;32m  OK  [0m] Started Update UTMP about System Boot/Shutdown.
[[0;32m  OK  [0m] Found device /dev/ttyS0.
[[0;32m  OK  [0m] Started AppArmor initialization.
         Starting Load AppArmor profiles managed internally by snapd...
         Starting Initial cloud-init job (pre-networking)...
[[0;32m  OK  [0m] Started Load AppArmor profiles managed internally by snapd.
[[0;32m  OK  [0m] Listening on Load/Save RF Kill Switch Status /dev/rfkill Watch.
[   11.494459] cloud-init[579]: Cloud-init v. 21.2-3-g899bfaa9-0ubuntu2~18.04.1 running 'init-local' at Fri, 06 Aug 2021 05:35:00 +0000. Up 11.15 seconds.
[[0;32m  OK  [0m] Started Initial cloud-init job (pre-networking).
[[0;32m  OK  [0m] Reached target Network (Pre).
         Starting Network Service...
[[0;32m  OK  [0m] Started Network Service.
         Starting Network Name Resolution...
         Starting Wait for Network to be Configured...
[[0;32m  OK  [0m] Started Network Name Resolution.
[[0;32m  OK  [0m] Reached target Host and Network Name Lookups.
[[0;32m  OK  [0m] Reached target Network.
[[0;32m  OK  [0m] Started Wait for Network to be Configured.
         Starting Initial cloud-init job (metadata service crawler)...
[   14.701841] cloud-init[704]: Cloud-init v. 21.2-3-g899bfaa9-0ubuntu2~18.04.1 running 'init' at Fri, 06 Aug 2021 05:35:03 +0000. Up 14.37 seconds.
[   14.704744] cloud-init[704]: ci-info: ++++++++++++++++++++++++++++++++++++++Net device info+++++++++++++++++++++++++++++++++++++++
[   14.707015] cloud-init[704]: ci-info: +--------+------+-----------------------------+---------------+--------+-------------------+
[   14.720808] cloud-init[704]: ci-info: | Device |  Up  |           Address           |      Mask     | Scope  |     Hw-Address    |
[   14.722980] cloud-init[704]: ci-info: +--------+------+-----------------------------+---------------+--------+-------------------+
[   14.740328] cloud-init[704]: ci-info: | enp0s3 | True |          10.0.2.15          | 255.255.255.0 | global | 02:2a:e1:ea:70:72 |
[   14.752952] cloud-init[704]: ci-info: | enp0s3 | True |  fe80::2a:e1ff:feea:7072/64 |       .       |  link  | 02:2a:e1:ea:70:72 |
[   14.754995] cloud-init[704]: ci-info: | enp0s8 | True |         192.168.56.4        | 255.255.255.0 | global | 08:00:27:1d:8d:b9 |
[   14.756929] cloud-init[704]: ci-info: | enp0s8 | True | fe80::a00:27ff:fe1d:8db9/64 |       .       |  link  | 08:00:27:1d:8d:b9 |
[   14.758790] cloud-init[704]: ci-info: |   lo   | True |          127.0.0.1          |   255.0.0.0   |  host  |         .         |
[   14.760651] cloud-init[704]: ci-info: |   lo   | True |           ::1/128           |       .       |  host  |         .         |
[   14.762474] cloud-init[704]: ci-info: +--------+------+-----------------------------+---------------+--------+-------------------+
[   14.764289] cloud-init[704]: ci-info: +++++++++++++++++++++++++++++Route IPv4 info+++++++++++++++++++++++++++++
[   14.765891] cloud-init[704]: ci-info: +-------+--------------+----------+-----------------+-----------+-------+
[   14.767505] cloud-init[704]: ci-info: | Route | Destination  | Gateway  |     Genmask     | Interface | Flags |
[   14.769181] cloud-init[704]: ci-info: +-------+--------------+----------+-----------------+-----------+-------+
[   14.770704] cloud-init[704]: ci-info: |   0   |   0.0.0.0    | 10.0.2.2 |     0.0.0.0     |   enp0s3  |   UG  |
[   14.772286] cloud-init[704]: ci-info: |   1   |   10.0.2.0   | 0.0.0.0  |  255.255.255.0  |   enp0s3  |   U   |
[   14.773708] cloud-init[704]: ci-info: |   2   |   10.0.2.2   | 0.0.0.0  | 255.255.255.255 |   enp0s3  |   UH  |
[   14.775118] cloud-init[704]: ci-info: |   3   | 192.168.56.0 | 0.0.0.0  |  255.255.255.0  |   enp0s8  |   U   |
[   14.808210] cloud-init[704]: ci-info: +-------+--------------+----------+-----------------+-----------+-------+
[   14.809796] cloud-init[704]: ci-info: +++++++++++++++++++Route IPv6 info+++++++++++++++++++
[   14.820193] cloud-init[704]: ci-info: +-------+-------------+---------+-----------+-------+
[   14.821804] cloud-init[704]: ci-info: | Route | Destination | Gateway | Interface | Flags |
[   14.823578] cloud-init[704]: ci-info: +-------+-------------+---------+-----------+-------+
[   14.825036] cloud-init[704]: ci-info: |   1   |  fe80::/64  |    ::   |   enp0s8  |   U   |
[   14.826407] cloud-init[704]: ci-info: |   2   |  fe80::/64  |    ::   |   enp0s3  |   U   |
[   14.827747] cloud-init[704]: ci-info: |   4   |    local    |    ::   |   enp0s3  |   U   |
[   14.829362] cloud-init[704]: ci-info: |   5   |    local    |    ::   |   enp0s8  |   U   |
[   14.830674] cloud-init[704]: ci-info: |   6   |   ff00::/8  |    ::   |   enp0s8  |   U   |
[   14.831954] cloud-init[704]: ci-info: |   7   |   ff00::/8  |    ::   |   enp0s3  |   U   |
[   14.833359] cloud-init[704]: ci-info: +-------+-------------+---------+-----------+-------+
[[0;32m  OK  [0m] Started Initial cloud-init job (metadata service crawler).
[[0;32m  OK  [0m] Reached target Cloud-config availability.
[[0;32m  OK  [0m] Reached target System Initialization.
         Starting LXD - unix socket.
[[0;32m  OK  [0m] Listening on D-Bus System Message Bus Socket.
         Starting Docker Socket for the API.
         Starting Socket activation for snappy daemon.
[[0;32m  OK  [0m] Listening on ACPID Listen Socket.
[[0;32m  OK  [0m] Listening on UUID daemon activation socket.
[[0;32m  OK  [0m] Started Daily apt download activities.
[[0;32m  OK  [0m] Started Daily apt upgrade and clean activities.
[[0;32m  OK  [0m] Started Message of the Day.
[[0;32m  OK  [0m] Started Discard unused blocks once a week.
[[0;32m  OK  [0m] Started Ubuntu Advantage update messaging.
[[0;32m  OK  [0m] Started ACPI Events Check.
[[0;32m  OK  [0m] Started Daily Cleanup of Temporary Directories.
[[0;32m  OK  [0m] Reached target Timers.
[[0;32m  OK  [0m] Listening on Open-iSCSI iscsid Socket.
[[0;32m  OK  [0m] Reached target Paths.
[[0;32m  OK  [0m] Reached target Network is Online.
         Starting Availability of block devices...
[[0;32m  OK  [0m] Reached target Remote File Systems (Pre).
         Mounting /vagrant...
[[0;32m  OK  [0m] Listening on LXD - unix socket.
[[0;32m  OK  [0m] Listening on Docker Socket for the API.
[[0;32m  OK  [0m] Listening on Socket activation for snappy daemon.
[[0;32m  OK  [0m] Started Availability of block devices.
[[0;32m  OK  [0m] Mounted /vagrant.
[[0;32m  OK  [0m] Reached target Remote File Systems.
[[0;32m  OK  [0m] Reached target Sockets.
[[0;32m  OK  [0m] Reached target Basic System.
         Starting Message of the Day...
[[0;32m  OK  [0m] Started kubelet: The Kubernetes Node Agent.
[[0;32m  OK  [0m] Started FUSE filesystem for LXC.
[[0;32m  OK  [0m] Started irqbalance daemon.
         Starting Snap Daemon...
         Starting OpenBSD Secure Shell server...
[[0;32m  OK  [0m] Started Deferred execution scheduler.
         Starting containerd container runtime...
         Starting LSB: automatic crash report generation...
         Starting LSB: Record successful boot for GRUB...
[[0;32m  OK  [0m] Started D-Bus System Message Bus.
         Starting Dispatcher daemon for systemd-networkd...
         Starting Permit User Sessions...
         Starting Ubuntu Advantage APT and MOTD Messages...
         Starting Login Service...
         Starting System Logging Service...
         Starting Virtualbox guest utils...
         Starting Accounts Service...
[[0;32m  OK  [0m] Started Regular background program processing daemon.
         Starting LXD - container startup/shutdown...
[[0;32m  OK  [0m] Started Permit User Sessions.
[[0;32m  OK  [0m] Started OpenBSD Secure Shell server.
         Starting Hold until boot process finishes up...
         Starting Terminate Plymouth Boot Screen...
[[0;32m  OK  [0m] Started Hold until boot process finishes up.
[[0;32m  OK  [0m] Started Terminate Plymouth Boot Screen.
         Starting Set console scheme...
[[0;32m  OK  [0m] Started Serial Getty on ttyS0.
[[0;32m  OK  [0m] Started Login Service.
[[0;32m  OK  [0m] Started Unattended Upgrades Shutdown.
[[0;32m  OK  [0m] Started LSB: automatic crash report generation.
[[0;32m  OK  [0m] Started LSB: Record successful boot for GRUB.
[[0;32m  OK  [0m] Started Set console scheme.
[[0;32m  OK  [0m] Created slice system-getty.slice.
[[0;32m  OK  [0m] Started Getty on tty1.
[[0;32m  OK  [0m] Reached target Login Prompts.
[[0;32m  OK  [0m] Started System Logging Service.
         Starting Authorization Manager...
[[0;32m  OK  [0m] Started Authorization Manager.
[[0;32m  OK  [0m] Started Accounts Service.
[[0;32m  OK  [0m] Created slice User Slice of vagrant.
[[0;32m  OK  [0m] Started Dispatcher daemon for systemd-networkd.
[[0;32m  OK  [0m] Started Virtualbox guest utils.
[[0;32m  OK  [0m] Started Session 1 of user vagrant.
         Starting User Manager for UID 1000...
[[0;32m  OK  [0m] Started Snap Daemon.
         Starting Wait until snapd is fully seeded...
[[0;32m  OK  [0m] Started LXD - container startup/shutdown.
[[0;32m  OK  [0m] Started Wait until snapd is fully seeded.
         Starting Apply the settings specified in cloud-config...
[[0;32m  OK  [0m] Started User Manager for UID 1000.

Ubuntu 18.04.5 LTS kubenode02 ttyS0

kubenode02 login: [   24.191418] cloud-init[1168]: Cloud-init v. 21.2-3-g899bfaa9-0ubuntu2~18.04.1 running 'modules:config' at Fri, 06 Aug 2021 05:35:12 +0000. Up 22.95 seconds.
[   30.460612] cloud-init[1715]: Cloud-init v. 21.2-3-g899bfaa9-0ubuntu2~18.04.1 running 'modules:final' at Fri, 06 Aug 2021 05:35:19 +0000. Up 30.31 seconds.
[   30.460721] cloud-init[1715]: Cloud-init v. 21.2-3-g899bfaa9-0ubuntu2~18.04.1 finished at Fri, 06 Aug 2021 05:35:19 +0000. Datasource DataSourceNoCloud [seed=/dev/sdb][dsmode=net].  Up 30.45 seconds
[ 6147.838358] INFO: rcu_sched self-detected stall on CPU
[ 6147.839465] INFO: rcu_sche[ 6240.206702] INFO: rcu_sched self-detected stall on CPU
[ 6240.208235] 	0-...!: (1 ticks this GP) idle=e42/1/0 softirq=267902/267902 fqs=0 
[ 6240.210815] 	 (t=16263 jiffies g=116381 c=116380 q=683)
[ 6240.211382] INFO: rcu_sched detected stalls on CPUs/tasks:
[ 6240.212358] rcu_sched kthread starved for 16[10945.936234] INFO: rcu_sched self-detected stall on CPU
[10945.936701] INFO: rcu_sched self-detected stall on CPU
[10945.937633] 	0-...!: (1 GPs behind) idle=2f2/1/0 softirq=123717/123718 fqs=0 
[10945.940057] 	
[10945.940061] 	1-...!: (1 ticks this GP) idle=542/1/0 softirq=103111/103111 fqs=0[14040.561601] INFO: rcu_sched self-detected stall on CPU
[14040.563342] INFO: rcu_sched self-detected stall on CPU
[14040.564529] 	1-...!: (1 ticks this GP) idle=116/1/0 softirq=407950/407950 fqs=0 
[14040.568430] 	 (t=207441 jiffies g=199139 c=199138 q=27)
[14040.568495] 	0-...!: (1 GPs behind) idle=136/1/0 softirq=431403/431411 fqs=0 
[14040.569391] rcu_sched kthread starved for 207441 jiffies! g199139 c199138 f0x0 RCU_GP_WAIT_FQS(3) ->state=0x402 ->cpu=1
[14040.571077] 	 (t=207441 jiffies g=199139 c=199138 q=27)
[14040.574689] rcu_sched kthread starved for 207441 jiffies! g199139 c199138 f0x0 RCU_GP_WAIT_FQS(3) ->state=0x402 ->cpu=1
[18257.749755] INFO: rcu_sched self-detected stall on CPU
[18257.750608] INFO: rcu_sched self-detected stall on CPU
[18257.750913] 	0-...!: (1 ticks this GP) idle=29e/1/0 softirq=665707/665707 fqs=0 
[18257.753761] 	 (t=21510 jiffies g=315906 c=315905 q=10)
[18257.753779] 	1-...!: (1 ticks th[20269.854851] INFO: rcu_sched detected stalls on CPUs/tasks:
[20269.856065] 	1-...!: (0 ticks this GP) idle=f9c/0/0 softirq=249657/249657 fqs=0 
[20269.859161] 	(detected by 0, t=100213 jiffies, g=154298, c=154297, q=4)
[20269.861435] rcu_sched kthread starved for 100214 jiffies! g154298 c154297 f0x0 RCU_GP_WAIT_FQS(3) ->state=0x402 ->cpu=0
state=0x402 ->cpu=0
[21636.465901] INFO: rcu_sched self-detected stall on CPU
[21636.466967] 	1-...!: (1 ticks this GP) idle=f9e/1/0 softirq=786674/786674 fqs=0 
[21636.468475] 	 (t=190729 jiffies g=384696 c=384695 q=94)
[21636.469551] rcu_sched kthread starved for 190729 jiffies! g384696 c384695 f0x0 RCU_GP_WAIT_FQS(3) ->state=0x402 ->cpu=1
[21636.470925] INFO: rcu_sched self-detected stall on CPU
[21636.472805] 	0-...!: (2 GPs behind) idle=5e6/1/0 softirq=803987/803987 fqs=0 
[21636.472807] 	 (t=190730 jiffies g=384696 c=384695 q=94)
[21636.475219] rcu_sched kthread starved for 190730 jiffies! g384696 c384695 f0x0 RCU_GP_WAIT_FQS(3) ->state=0x402 ->cpu=1
[40452.584066] INFO: rcu_sched detected stalls on CPUs/tasks:
[40452.585254] 	0-...!: (2 GPs behind) idle=c58/0/0 softirq=1622679/1622679 fqs=0 
[40452.586738] 	(detected by 1, t=174636 jiffies, g=792350, c=792349, q=0)
[40452.588132] INFO: rcu_sched self-detected stall on CPU
[40452.588976] rcu_sched kthread starved for 724392 jiffies! g792350 c792349 f0x0 RCU_GP_WAIT_FQS(3) ->state=0x402 ->cpu=1
[40452.589195] 	0-...!: (2 GPs behind) idle=c66/1/0 softirq=1622679/1622679 fqs=0 
[40452.594185] 	 (t=724392 jiffies g=792350 c=792349 q=0)
[40452.594191] rcu_sched kthread starved for 724392 jiffies! g792350 c792349 f0x0 RCU_GP_WAIT_FQS(3) ->state=0x402 ->cpu=1
